0 info it worked if it ends with ok
1 verbose cli [ 'C:\\Program Files\\nodejs\\node.exe',
1 verbose cli   'C:\\Users\\hp\\AppData\\Roaming\\npm\\node_modules\\npm\\bin\\npm-cli.js',
1 verbose cli   'start' ]
2 info using npm@3.10.8
3 info using node@v4.4.3
4 verbose run-script [ 'prestart', 'start', 'poststart' ]
5 info lifecycle node-js-sample@0.2.0~prestart: node-js-sample@0.2.0
6 silly lifecycle node-js-sample@0.2.0~prestart: no script for prestart, continuing
7 info lifecycle node-js-sample@0.2.0~start: node-js-sample@0.2.0
8 verbose lifecycle node-js-sample@0.2.0~start: unsafe-perm in lifecycle true
9 verbose lifecycle node-js-sample@0.2.0~start: PATH: C:\Users\hp\AppData\Roaming\npm\node_modules\npm\bin\node-gyp-bin;C:\Angular workspace\firebase-SET\Test-Repository\node_modules\.bin;C:\ProgramData\Oracle\Java\javapath;C:\Windows\system32;C:\Windows;C:\Windows\System32\Wbem;C:\Windows\System32\WindowsPowerShell\v1.0\;C:\Program Files\nodejs\;C:\Users\hp\AppData\Local\GitHub\PortableGit_25d850739bc178b2eb13c3e2a9faafea2f9143c0\cmd\;C:\Program Files\MongoDB\Server\3.2\bin;C:\Python27\;C:\Program Files (x86)\Windows Kits\8.1\Windows Performance Toolkit\;C:\Program Files (x86)\Heroku\bin;C:\Program Files (x86)\git\cmd;C:\Program Files (x86)\Git\cmd;C:\Program Files (x86)\Skype\Phone\;C:\Users\hp\AppData\Roaming\npm
10 verbose lifecycle node-js-sample@0.2.0~start: CWD: C:\Angular workspace\firebase-SET\Test-Repository
11 silly lifecycle node-js-sample@0.2.0~start: Args: [ '/d /s /c', 'node index.js' ]
12 silly lifecycle node-js-sample@0.2.0~start: Returned: code: 1  signal: null
13 info lifecycle node-js-sample@0.2.0~start: Failed to exec start script
14 verbose stack Error: node-js-sample@0.2.0 start: `node index.js`
14 verbose stack Exit status 1
14 verbose stack     at EventEmitter.<anonymous> (C:\Users\hp\AppData\Roaming\npm\node_modules\npm\lib\utils\lifecycle.js:255:16)
14 verbose stack     at emitTwo (events.js:87:13)
14 verbose stack     at EventEmitter.emit (events.js:172:7)
14 verbose stack     at ChildProcess.<anonymous> (C:\Users\hp\AppData\Roaming\npm\node_modules\npm\lib\utils\spawn.js:40:14)
14 verbose stack     at emitTwo (events.js:87:13)
14 verbose stack     at ChildProcess.emit (events.js:172:7)
14 verbose stack     at maybeClose (internal/child_process.js:827:16)
14 verbose stack     at Process.ChildProcess._handle.onexit (internal/child_process.js:211:5)
15 verbose pkgid node-js-sample@0.2.0
16 verbose cwd C:\Angular workspace\firebase-SET\Test-Repository
17 error Windows_NT 6.3.9600
18 error argv "C:\\Program Files\\nodejs\\node.exe" "C:\\Users\\hp\\AppData\\Roaming\\npm\\node_modules\\npm\\bin\\npm-cli.js" "start"
19 error node v4.4.3
20 error npm  v3.10.8
21 error code ELIFECYCLE
22 error node-js-sample@0.2.0 start: `node index.js`
22 error Exit status 1
23 error Failed at the node-js-sample@0.2.0 start script 'node index.js'.
23 error Make sure you have the latest version of node.js and npm installed.
23 error If you do, this is most likely a problem with the node-js-sample package,
23 error not with npm itself.
23 error Tell the author that this fails on your system:
23 error     node index.js
23 error You can get information on how to open an issue for this project with:
23 error     npm bugs node-js-sample
23 error Or if that isn't available, you can get their info via:
23 error     npm owner ls node-js-sample
23 error There is likely additional logging output above.
24 verbose exit [ 1, true ]
